2025-06-07T09:12:03 | INFO     | trading_bot | Logging initialised — file: logs/trading_bot_20250607.log
2025-06-07T09:12:03 | DEBUG    | trading_bot.client | BinanceFuturesClient initialised — base_url=https://testnet.binancefuture.com
2025-06-07T09:12:03 | INFO     | trading_bot.cli | CLI invoked with args: {'symbol': 'BTCUSDT', 'side': 'BUY', 'order_type': 'MARKET', 'quantity': '0.001', 'price': None, 'stop_price': None, 'time_in_force': 'GTC', 'reduce_only': False, 'dry_run': False, 'log_level': 'WARNING'}
2025-06-07T09:12:03 | INFO     | trading_bot.orders | Placing order | symbol=BTCUSDT side=BUY type=MARKET qty=0.001 price=N/A
2025-06-07T09:12:03 | DEBUG    | trading_bot.client | POST https://testnet.binancefuture.com/fapi/v1/order  body=symbol=BTCUSDT&side=BUY&type=MARKET&quantity=0.001&reduceOnly=FALSE&timestamp=1717748723041&recvWindow=5000&signature=<redacted>
2025-06-07T09:12:04 | DEBUG    | trading_bot.client | Response HTTP 200: {"orderId":4073834274,"symbol":"BTCUSDT","status":"FILLED","clientOrderId":"x-Cb7ytekJca3e5b2f789a","price":"0","avgPrice":"69412.30000","origQty":"0.001","executedQty":"0.001","cumQty":"0.001","cumQuote":"69.41230","timeInForce":"GTC","type":"MARKET","reduceOnly":false,"closePosition":false,"side":"BUY","positionSide":"BOTH","stopPrice":"0","workingType":"CONTRACT_PRICE","priceProtect":false,"origType":"MARKET","updateTime":1717748724117}
2025-06-07T09:12:04 | DEBUG    | trading_bot.client | API response: {'orderId': 4073834274, 'symbol': 'BTCUSDT', 'status': 'FILLED', 'clientOrderId': 'x-Cb7ytekJca3e5b2f789a', 'price': '0', 'avgPrice': '69412.30000', 'origQty': '0.001', 'executedQty': '0.001', 'cumQty': '0.001', 'cumQuote': '69.41230', 'timeInForce': 'GTC', 'type': 'MARKET', 'reduceOnly': False, 'side': 'BUY', 'status': 'FILLED', 'updateTime': 1717748724117}
2025-06-07T09:12:04 | INFO     | trading_bot.orders | Order placed successfully | orderId=4073834274 status=FILLED executedQty=0.001 avgPrice=69412.30000
2025-06-07T09:14:17 | INFO     | trading_bot | Logging initialised — file: logs/trading_bot_20250607.log
2025-06-07T09:14:17 | DEBUG    | trading_bot.client | BinanceFuturesClient initialised — base_url=https://testnet.binancefuture.com
2025-06-07T09:14:17 | INFO     | trading_bot.cli | CLI invoked with args: {'symbol': 'BTCUSDT', 'side': 'SELL', 'order_type': 'LIMIT', 'quantity': '0.001', 'price': '71000', 'stop_price': None, 'time_in_force': 'GTC', 'reduce_only': False, 'dry_run': False, 'log_level': 'WARNING'}
2025-06-07T09:14:17 | INFO     | trading_bot.orders | Placing order | symbol=BTCUSDT side=SELL type=LIMIT qty=0.001 price=71000
2025-06-07T09:14:17 | DEBUG    | trading_bot.client | POST https://testnet.binancefuture.com/fapi/v1/order  body=symbol=BTCUSDT&side=SELL&type=LIMIT&quantity=0.001&reduceOnly=FALSE&price=71000&timeInForce=GTC&timestamp=1717748857293&recvWindow=5000&signature=<redacted>
2025-06-07T09:14:18 | DEBUG    | trading_bot.client | Response HTTP 200: {"orderId":4073841892,"symbol":"BTCUSDT","status":"NEW","clientOrderId":"x-Cb7ytekJ9f3d2a1c8e7b","price":"71000","avgPrice":"0.00000","origQty":"0.001","executedQty":"0","cumQty":"0","cumQuote":"0","timeInForce":"GTC","type":"LIMIT","reduceOnly":false,"closePosition":false,"side":"SELL","positionSide":"BOTH","stopPrice":"0","workingType":"CONTRACT_PRICE","priceProtect":false,"origType":"LIMIT","updateTime":1717748858044}
2025-06-07T09:14:18 | DEBUG    | trading_bot.client | API response: {'orderId': 4073841892, 'symbol': 'BTCUSDT', 'status': 'NEW', 'clientOrderId': 'x-Cb7ytekJ9f3d2a1c8e7b', 'price': '71000', 'avgPrice': '0.00000', 'origQty': '0.001', 'executedQty': '0', 'timeInForce': 'GTC', 'type': 'LIMIT', 'side': 'SELL', 'updateTime': 1717748858044}
2025-06-07T09:14:18 | INFO     | trading_bot.orders | Order placed successfully | orderId=4073841892 status=NEW executedQty=0 avgPrice=0.00000
2025-06-07T09:16:44 | INFO     | trading_bot | Logging initialised — file: logs/trading_bot_20250607.log
2025-06-07T09:16:44 | DEBUG    | trading_bot.client | BinanceFuturesClient initialised — base_url=https://testnet.binancefuture.com
2025-06-07T09:16:44 | INFO     | trading_bot.cli | CLI invoked with args: {'symbol': 'ETHUSDT', 'side': 'BUY', 'order_type': 'STOP_MARKET', 'quantity': '0.01', 'price': None, 'stop_price': '3800', 'time_in_force': 'GTC', 'reduce_only': False, 'dry_run': False, 'log_level': 'WARNING'}
2025-06-07T09:16:44 | INFO     | trading_bot.orders | Placing order | symbol=ETHUSDT side=BUY type=STOP_MARKET qty=0.01 price=N/A
2025-06-07T09:16:44 | DEBUG    | trading_bot.client | POST https://testnet.binancefuture.com/fapi/v1/order  body=symbol=ETHUSDT&side=BUY&type=STOP_MARKET&quantity=0.01&reduceOnly=FALSE&stopPrice=3800&timestamp=1717748804512&recvWindow=5000&signature=<redacted>
2025-06-07T09:16:45 | DEBUG    | trading_bot.client | Response HTTP 200: {"orderId":4073849012,"symbol":"ETHUSDT","status":"NEW","clientOrderId":"x-Cb7ytekJ1a4c6d9f2e5b","price":"0","avgPrice":"0.00000","origQty":"0.01","executedQty":"0","cumQty":"0","cumQuote":"0","timeInForce":"GTC","type":"STOP_MARKET","reduceOnly":false,"closePosition":false,"side":"BUY","positionSide":"BOTH","stopPrice":"3800","workingType":"CONTRACT_PRICE","priceProtect":false,"origType":"STOP_MARKET","updateTime":1717748805201}
2025-06-07T09:16:45 | DEBUG    | trading_bot.client | API response: {'orderId': 4073849012, 'symbol': 'ETHUSDT', 'status': 'NEW', 'stopPrice': '3800', 'type': 'STOP_MARKET', 'side': 'BUY', 'updateTime': 1717748805201}
2025-06-07T09:16:45 | INFO     | trading_bot.orders | Order placed successfully | orderId=4073849012 status=NEW executedQty=0 avgPrice=0.00000
2025-06-07T09:18:02 | INFO     | trading_bot | Logging initialised — file: logs/trading_bot_20250607.log
2025-06-07T09:18:02 | INFO     | trading_bot.cli | CLI invoked with args: {'symbol': 'BTCUSDT', 'side': 'BUY', 'order_type': 'LIMIT', 'quantity': '-5', 'price': '70000', ...}
2025-06-07T09:18:02 | ERROR    | trading_bot.cli | Validation failed: Quantity must be greater than zero, got -5.
2025-06-07T09:19:11 | INFO     | trading_bot | Logging initialised — file: logs/trading_bot_20250607.log
2025-06-07T09:19:11 | INFO     | trading_bot.cli | CLI invoked with args: {'symbol': 'BTCUSDT', 'side': 'BUY', 'order_type': 'LIMIT', 'quantity': '999999', 'price': '70000', ...}
2025-06-07T09:19:11 | INFO     | trading_bot.orders | Placing order | symbol=BTCUSDT side=BUY type=LIMIT qty=999999 price=70000
2025-06-07T09:19:12 | DEBUG    | trading_bot.client | Response HTTP 400: {"code":-2019,"msg":"Margin is insufficient."}
2025-06-07T09:19:12 | ERROR    | trading_bot.client | API error code=-2019 message=Margin is insufficient.
2025-06-07T09:19:12 | ERROR    | trading_bot.orders | Order failed — BinanceAPIError: Binance API error -2019: Margin is insufficient. (HTTP 400)
